2023-03-22 15:57:30 [main] INFO  baseTest:14 - ***********Getting the Booking ID****************
2023-03-22 16:02:34 [main] INFO  baseTest:14 - ***********Getting the Booking ID****************
2023-03-22 17:23:36 [main] INFO  baseTest:35 - *********TOKEN CREATED************
2023-03-22 17:27:14 [main] INFO  baseTest:14 - ***********Getting the Booking ID****************
2023-03-22 17:29:48 [main] INFO  baseTest:15 - ***********Getting the Booking ID****************
2023-03-22 17:49:27 [main] INFO  baseTest:17 - **************Get Booking**************
2023-03-22 19:02:58 [main] INFO  baseTest:35 - *********TOKEN CREATED************
2023-03-22 19:20:28 [main] INFO  baseTest:18 - **************Get Booking**************
2023-03-22 19:20:36 [main] INFO  baseTest:18 - **************Get Booking**************
2023-03-22 19:21:20 [main] INFO  baseTest:18 - **************Get Booking**************
2023-03-22 19:22:21 [main] INFO  baseTest:18 - **************Get Booking**************
2023-03-22 19:22:44 [main] INFO  baseTest:18 - **************Get Booking**************
2023-03-22 19:23:21 [main] INFO  baseTest:18 - **************Get Booking**************
2023-03-22 19:25:27 [main] INFO  baseTest:18 - **************Get Booking**************
2023-03-22 19:30:19 [main] INFO  baseTest:35 - *********TOKEN CREATED************
2023-03-22 19:38:31 [main] INFO  baseTest:35 - *********TOKEN CREATED************
2023-03-22 19:39:58 [main] INFO  baseTest:35 - *********TOKEN CREATED************
2023-03-22 19:40:20 [main] INFO  baseTest:35 - *********TOKEN CREATED************
2023-03-22 19:44:58 [main] INFO  baseTest:35 - *********TOKEN CREATED************
2023-03-22 19:45:46 [main] INFO  baseTest:35 - *********TOKEN CREATED************
2023-03-22 19:47:03 [main] INFO  baseTest:35 - *********TOKEN CREATED************
2023-03-22 19:58:47 [main] INFO  baseTest:35 - *********TOKEN CREATED************
2023-03-22 20:11:15 [main] INFO  baseTest:44 - *****************Booking Created*******************
2023-03-22 20:19:06 [main] INFO  baseTest:35 - *********TOKEN CREATED************
2023-03-22 20:20:11 [main] INFO  baseTest:35 - *********TOKEN CREATED************
2023-03-22 20:20:12 [main] INFO  baseTest:15 - ***********Getting the Booking ID****************
2023-03-22 20:21:19 [main] INFO  baseTest:35 - *********TOKEN CREATED************
2023-03-22 20:21:19 [main] INFO  baseTest:15 - ***********Getting the Booking ID****************
2023-03-22 20:21:23 [main] INFO  baseTest:18 - **************Get Booking**************
2023-03-22 20:21:27 [main] INFO  baseTest:46 - *****************Booking Created*******************
2023-03-22 20:21:30 [main] INFO  baseTest:18 - **********Partial update booking****************
2023-03-22 20:21:32 [main] INFO  baseTest:19 - ********Delete Booking***************
2023-03-22 20:58:29 [main] INFO  baseTest:35 - *********TOKEN CREATED************
2023-03-22 20:58:29 [main] INFO  baseTest:15 - ***********Getting the Booking ID****************
2023-03-22 20:58:34 [main] INFO  baseTest:18 - **************Get Booking**************
2023-03-22 20:58:38 [main] INFO  baseTest:46 - *****************Booking Created*******************
2023-03-22 20:58:41 [main] INFO  baseTest:18 - **********Partial update booking****************
2023-03-22 20:58:44 [main] INFO  baseTest:19 - ********Delete Booking***************
2023-03-22 21:06:47 [main] INFO  baseTest:35 - *********TOKEN CREATED************
2023-03-22 21:06:47 [main] INFO  baseTest:15 - ***********Getting the Booking ID****************
2023-03-22 21:06:53 [main] INFO  baseTest:18 - **************Get Booking**************
2023-03-22 21:07:08 [main] INFO  baseTest:46 - *****************Booking Created*******************
2023-03-22 21:07:10 [main] INFO  baseTest:18 - **********Partial update booking****************
2023-03-22 21:07:12 [main] INFO  baseTest:19 - ********Delete Booking***************
2023-03-24 10:45:58 [main] INFO  baseTest:35 - *********TOKEN CREATED************
2023-03-24 14:45:42 [main] INFO  baseTest:15 - ***********Getting the Booking ID****************
2023-03-24 14:46:31 [main] INFO  baseTest:18 - **************Get Booking**************
2023-03-24 14:50:08 [main] INFO  baseTest:16 - ***********Getting the Booking ID****************
2023-03-24 14:57:15 [main] INFO  baseTest:46 - *****************Booking Created*******************
2023-03-24 14:57:46 [main] INFO  baseTest:46 - *****************Booking Created*******************
2023-03-24 15:03:15 [main] INFO  baseTest:50 - *****************Booking Created*******************
2023-03-24 15:28:52 [main] INFO  baseTest:56 - *****************Booking Created*******************
2023-03-24 15:34:41 [main] INFO  baseTest:57 - *****************Booking Created*******************
2023-03-24 15:35:05 [main] INFO  baseTest:47 - *****************Booking Created*******************
2023-03-24 15:35:26 [main] INFO  baseTest:18 - **************Get Booking**************
2023-03-24 15:39:08 [main] INFO  baseTest:35 - *********TOKEN CREATED************
2023-03-24 15:40:29 [main] INFO  baseTest:36 - *****************Update Booking**************
2023-03-24 15:54:56 [main] INFO  baseTest:35 - *********TOKEN CREATED************
2023-03-24 15:55:27 [main] INFO  baseTest:36 - *****************Update Booking**************
2023-03-24 15:55:51 [main] INFO  baseTest:36 - *****************Update Booking**************
2023-03-24 15:58:42 [main] INFO  baseTest:35 - *********TOKEN CREATED************
2023-03-24 16:03:04 [main] INFO  baseTest:35 - *********TOKEN CREATED************
2023-03-24 16:03:30 [main] INFO  baseTest:37 - *****************Update Booking**************
2023-03-24 16:15:50 [main] INFO  baseTest:35 - *********TOKEN CREATED************
2023-03-24 16:19:22 [main] INFO  baseTest:34 - *********TOKEN CREATED************
2023-03-24 16:25:04 [main] INFO  baseTest:36 - *********TOKEN CREATED************
2023-03-24 16:26:26 [main] INFO  baseTest:36 - *********TOKEN CREATED************
2023-03-24 16:28:47 [main] INFO  baseTest:36 - *********TOKEN CREATED************
2023-03-24 16:36:11 [main] INFO  baseTest:38 - *********TOKEN CREATED************
2023-03-24 16:37:38 [main] INFO  baseTest:38 - *********TOKEN CREATED************
2023-03-24 16:40:48 [main] INFO  baseTest:19 - ********Delete Booking***************
2023-03-24 17:06:10 [main] INFO  baseTest:38 - *********TOKEN CREATED************
2023-03-24 17:25:38 [main] INFO  baseTest:38 - *********TOKEN CREATED************
2023-03-25 08:35:13 [main] INFO  baseTest:38 - *********TOKEN CREATED************
2023-03-25 08:35:51 [main] INFO  baseTest:38 - *********TOKEN CREATED************
2023-03-25 08:35:51 [main] INFO  baseTest:16 - ***********Getting the Booking ID****************
2023-03-25 08:35:55 [main] INFO  baseTest:18 - **************Get Booking**************
2023-03-25 08:36:01 [main] INFO  baseTest:47 - *****************Booking Created*******************
2023-03-25 08:36:04 [main] INFO  baseTest:39 - *****************Update Booking**************
2023-03-25 08:36:04 [main] INFO  baseTest:18 - **********Partial update booking****************
2023-03-25 08:36:06 [main] INFO  baseTest:19 - ********Delete Booking***************
2023-03-25 08:40:57 [main] INFO  baseTest:36 - *********TOKEN CREATED************
2023-03-25 08:40:57 [main] INFO  baseTest:16 - ***********Getting the Booking ID****************
2023-03-25 08:41:01 [main] INFO  baseTest:18 - **************Get Booking**************
2023-03-25 08:41:07 [main] INFO  baseTest:47 - *****************Booking Created*******************
2023-03-25 08:41:10 [main] INFO  baseTest:39 - *****************Update Booking**************
2023-03-25 08:41:10 [main] INFO  baseTest:22 - **********Partial update booking****************
2023-03-25 08:41:13 [main] INFO  baseTest:23 - ********Delete Booking***************
2023-03-25 08:42:43 [main] INFO  baseTest:36 - *********TOKEN CREATED************
2023-03-25 08:42:43 [main] INFO  baseTest:16 - ***********Getting the Booking ID****************
2023-03-25 08:42:48 [main] INFO  baseTest:18 - **************Get Booking**************
2023-03-25 08:42:53 [main] INFO  baseTest:47 - *****************Booking Created*******************
2023-03-25 08:42:59 [main] INFO  baseTest:39 - *****************Update Booking**************
2023-03-25 08:42:59 [main] INFO  baseTest:22 - **********Partial update booking****************
2023-03-25 08:43:02 [main] INFO  baseTest:23 - ********Delete Booking***************
2023-03-25 12:00:45 [main] INFO  baseTest:47 - *****************Booking Created*******************
2023-03-25 13:21:27 [main] INFO  baseTest:36 - *********TOKEN CREATED************
2023-03-25 13:21:47 [main] INFO  baseTest:23 - **********Partial update booking****************
2023-03-25 13:35:41 [main] INFO  baseTest:16 - ***********Getting the Booking ID****************
2023-03-25 13:35:56 [main] INFO  baseTest:18 - **************Get Booking**************
2023-03-25 14:03:03 [main] INFO  baseTest:20 - **************Get Booking**************
2023-03-25 14:03:50 [main] INFO  baseTest:20 - **************Get Booking**************
2023-03-25 14:06:44 [main] INFO  baseTest:39 - *********TOKEN CREATED************
2023-03-25 14:08:41 [main] INFO  baseTest:16 - ***********Getting the Booking ID****************
2023-03-25 14:08:57 [main] INFO  baseTest:16 - ***********Getting the Booking ID****************
2023-03-25 14:09:42 [main] INFO  baseTest:16 - ***********Getting the Booking ID****************
2023-03-25 14:10:28 [main] INFO  baseTest:16 - ***********Getting the Booking ID****************
2023-03-25 14:12:13 [main] INFO  baseTest:18 - ***********Getting the Booking ID****************
2023-03-25 14:21:27 [main] INFO  baseTest:40 - *********TOKEN CREATED************
2023-03-25 14:21:27 [main] INFO  baseTest:18 - ***********Getting the Booking ID****************
2023-03-25 14:21:31 [main] INFO  baseTest:20 - **************Get Booking**************
2023-03-25 14:21:38 [main] INFO  baseTest:47 - *****************Booking Created*******************
2023-03-25 14:21:41 [main] INFO  baseTest:23 - **********Partial update booking****************
2023-03-25 14:21:44 [main] INFO  baseTest:22 - ********Delete Booking***************
2023-03-25 14:22:14 [main] INFO  baseTest:40 - *********TOKEN CREATED************
2023-03-25 14:22:14 [main] INFO  baseTest:18 - ***********Getting the Booking ID****************
2023-03-25 14:22:20 [main] INFO  baseTest:20 - **************Get Booking**************
2023-03-25 14:22:27 [main] INFO  baseTest:47 - *****************Booking Created*******************
2023-03-25 14:22:29 [main] INFO  baseTest:23 - **********Partial update booking****************
2023-03-25 14:22:33 [main] INFO  baseTest:22 - ********Delete Booking***************
2023-03-25 14:24:35 [main] INFO  baseTest:40 - *********TOKEN CREATED************
2023-03-25 14:24:35 [main] INFO  baseTest:18 - ***********Getting the Booking ID****************
2023-03-25 14:24:39 [main] INFO  baseTest:20 - **************Get Booking**************
2023-03-25 14:24:44 [main] INFO  baseTest:47 - *****************Booking Created*******************
2023-03-25 14:24:46 [main] INFO  baseTest:23 - **********Partial update booking****************
2023-03-25 14:24:50 [main] INFO  baseTest:22 - ********Delete Booking***************
2023-03-25 14:26:24 [main] INFO  baseTest:40 - *********TOKEN CREATED************
2023-03-25 14:26:24 [main] INFO  baseTest:18 - ***********Getting the Booking ID****************
2023-03-25 14:26:27 [main] INFO  baseTest:20 - **************Get Booking**************
2023-03-25 14:26:34 [main] INFO  baseTest:47 - *****************Booking Created*******************
2023-03-25 14:26:36 [main] INFO  baseTest:23 - **********Partial update booking****************
2023-03-25 14:26:39 [main] INFO  baseTest:22 - ********Delete Booking***************
2023-03-25 14:29:05 [main] INFO  baseTest:40 - *********TOKEN CREATED************
2023-03-25 14:29:05 [main] INFO  baseTest:18 - ***********Getting the Booking ID****************
2023-03-25 14:29:09 [main] INFO  baseTest:20 - **************Get Booking**************
2023-03-25 14:29:15 [main] INFO  baseTest:47 - *****************Booking Created*******************
2023-03-25 14:29:18 [main] INFO  baseTest:23 - **********Partial update booking****************
2023-03-25 14:29:21 [main] INFO  baseTest:22 - ********Delete Booking***************
2023-03-25 14:32:23 [main] INFO  baseTest:40 - *********TOKEN CREATED************
2023-03-25 14:32:23 [main] INFO  baseTest:18 - ***********Getting the Booking ID****************
2023-03-25 14:32:28 [main] INFO  baseTest:20 - **************Get Booking**************
2023-03-25 14:32:35 [main] INFO  baseTest:47 - *****************Booking Created*******************
2023-03-25 14:32:38 [main] INFO  baseTest:23 - **********Partial update booking****************
2023-03-25 14:32:41 [main] INFO  baseTest:22 - ********Delete Booking***************
2023-03-25 14:34:04 [main] INFO  baseTest:40 - *********TOKEN CREATED************
2023-03-25 14:34:04 [main] INFO  baseTest:18 - ***********Getting the Booking ID****************
2023-03-25 14:34:09 [main] INFO  baseTest:20 - **************Get Booking**************
2023-03-25 14:34:15 [main] INFO  baseTest:47 - *****************Booking Created*******************
2023-03-25 14:34:18 [main] INFO  baseTest:23 - **********Partial update booking****************
2023-03-25 14:34:22 [main] INFO  baseTest:22 - ********Delete Booking***************
2023-03-25 14:35:32 [main] INFO  baseTest:40 - *********TOKEN CREATED************
2023-03-25 14:35:50 [main] INFO  baseTest:22 - ********Delete Booking***************
2023-03-25 14:35:50 [main] INFO  baseTest:22 - ********Delete Booking***************
2023-03-25 14:36:41 [main] INFO  baseTest:22 - ********Delete Booking***************
2023-03-25 14:38:18 [main] INFO  baseTest:40 - *********TOKEN CREATED************
2023-03-25 14:38:18 [main] INFO  baseTest:18 - ***********Getting the Booking ID****************
2023-03-25 14:38:21 [main] INFO  baseTest:20 - **************Get Booking**************
2023-03-25 14:38:27 [main] INFO  baseTest:47 - *****************Booking Created*******************
2023-03-25 14:38:30 [main] INFO  baseTest:23 - **********Partial update booking****************
2023-03-25 14:38:33 [main] INFO  baseTest:22 - ********Delete Booking***************
2023-03-25 14:41:46 [main] INFO  baseTest:40 - *********TOKEN CREATED************
2023-03-25 14:41:46 [main] INFO  baseTest:18 - ***********Getting the Booking ID****************
2023-03-25 14:41:50 [main] INFO  baseTest:20 - **************Get Booking**************
2023-03-25 14:41:56 [main] INFO  baseTest:47 - *****************Booking Created*******************
2023-03-25 14:41:59 [main] INFO  baseTest:23 - **********Partial update booking****************
2023-03-25 14:42:03 [main] INFO  baseTest:22 - ********Delete Booking***************
2023-03-25 14:44:54 [main] INFO  baseTest:40 - *********TOKEN CREATED************
2023-03-25 14:44:54 [main] INFO  baseTest:18 - ***********Getting the Booking ID****************
2023-03-25 14:44:59 [main] INFO  baseTest:20 - **************Get Booking**************
2023-03-25 14:45:04 [main] INFO  baseTest:47 - *****************Booking Created*******************
2023-03-25 14:45:07 [main] INFO  baseTest:46 - *****************Update Booking**************
2023-03-25 14:45:07 [main] INFO  baseTest:23 - **********Partial update booking****************
2023-03-25 14:45:09 [main] INFO  baseTest:22 - ********Delete Booking***************
2023-03-25 14:46:46 [main] INFO  baseTest:40 - *********TOKEN CREATED************
2023-03-25 14:46:46 [main] INFO  baseTest:18 - ***********Getting the Booking ID****************
2023-03-25 14:46:49 [main] INFO  baseTest:20 - **************Get Booking**************
2023-03-25 14:46:55 [main] INFO  baseTest:47 - *****************Booking Created*******************
2023-03-25 14:46:58 [main] INFO  baseTest:46 - *****************Update Booking**************
2023-03-25 14:46:58 [main] INFO  baseTest:23 - **********Partial update booking****************
2023-03-25 14:47:02 [main] INFO  baseTest:22 - ********Delete Booking***************
2023-03-25 14:47:35 [main] INFO  baseTest:40 - *********TOKEN CREATED************
2023-03-25 14:47:35 [main] INFO  baseTest:18 - ***********Getting the Booking ID****************
2023-03-25 14:47:38 [main] INFO  baseTest:20 - **************Get Booking**************
2023-03-25 14:47:45 [main] INFO  baseTest:47 - *****************Booking Created*******************
2023-03-25 14:47:47 [main] INFO  baseTest:46 - *****************Update Booking**************
2023-03-25 14:47:47 [main] INFO  baseTest:23 - **********Partial update booking****************
2023-03-25 14:47:51 [main] INFO  baseTest:22 - ********Delete Booking***************
2023-03-25 16:15:02 [main] INFO  baseTest:40 - *********TOKEN CREATED************
2023-03-25 16:15:02 [main] INFO  baseTest:18 - ***********Getting the Booking ID****************
2023-03-25 16:15:04 [main] INFO  baseTest:20 - **************Get Booking**************
2023-03-25 16:15:09 [main] INFO  baseTest:47 - *****************Booking Created*******************
2023-03-25 16:15:11 [main] INFO  baseTest:46 - *****************Update Booking**************
2023-03-25 16:15:11 [main] INFO  baseTest:23 - **********Partial update booking****************
2023-03-25 16:15:13 [main] INFO  baseTest:22 - ********Delete Booking***************
2023-07-24 17:07:17 [main] INFO  baseTest:40 - *********TOKEN CREATED************
2023-07-24 17:07:47 [main] INFO  baseTest:18 - ***********Getting the Booking ID****************
2023-07-24 17:11:19 [main] INFO  baseTest:40 - *********TOKEN CREATED************
2023-07-24 17:11:19 [main] INFO  baseTest:18 - ***********Getting the Booking ID****************
2023-07-24 17:11:21 [main] INFO  baseTest:20 - **************Get Booking**************
2023-07-24 17:11:25 [main] INFO  baseTest:47 - *****************Booking Created*******************
2023-07-24 17:11:27 [main] INFO  baseTest:46 - *****************Update Booking**************
2023-07-24 17:11:27 [main] INFO  baseTest:23 - **********Partial update booking****************
2023-07-24 17:11:29 [main] INFO  baseTest:22 - ********Delete Booking***************
2023-07-25 10:08:19 [main] INFO  baseTest:40 - *********TOKEN CREATED************
2023-07-25 10:08:19 [main] INFO  baseTest:18 - ***********Getting the Booking ID****************
2023-07-25 10:08:23 [main] INFO  baseTest:20 - **************Get Booking**************
2023-07-25 10:09:32 [main] INFO  baseTest:40 - *********TOKEN CREATED************
2023-07-25 10:09:32 [main] INFO  baseTest:20 - **************Get Booking**************
2023-07-25 10:09:37 [main] INFO  baseTest:47 - *****************Booking Created*******************
